<?xml version="1.0" encoding="UTF-8"?>
<!-- Generated by org.testng.reporters.JUnitXMLReporter -->
<testsuite ignored="0" hostname="DESKTOP-018S02M" failures="0" tests="4" name="parameter.xml" time="41.722" errors="0" timestamp="2024-06-11T14:55:44 IST">
  <testcase classname="testscript.LoginTest" name="VerifyTheUserAbleToLoginInvalidUsernameInvalidPassword" time="2.364"/>
  <testcase classname="testscript.LoginTest" name="verifyTheUserAbleToLoginInvalidUsernameValidPassword" time="3.579"/>
  <testcase classname="testscript.LoginTest" name="verifyTheUserAbleToLoginValidCredentials" time="3.612"/>
  <testcase classname="testscript.LoginTest" name="verifyTheUserAbleToLoginValidUsernameInvalidPassword" time="4.129"/>
</testsuite> <!-- parameter.xml -->
