<?xml version="1.0" encoding="UTF-8"?>
<!-- Generated by org.testng.reporters.JUnitXMLReporter -->
<testsuite ignored="3" hostname="DESKTOP-018S02M" failures="0" tests="1" name="TestNG.xml" time="8.84" errors="0" timestamp="2024-06-18T15:02:53 IST">
  <testcase classname="testscript.LoginTest" name="verifyTheUserAbleToLoginValidCredentials" time="3.075"/>
  <testcase classname="testscript.LoginTest" name="VerifyTheUserAbleToLoginInvalidUsernameInvalidPassword" time="0.0">
    <ignored/>
  </testcase> <!-- VerifyTheUserAbleToLoginInvalidUsernameInvalidPassword -->
  <testcase classname="testscript.LoginTest" name="verifyTheUserAbleToLoginInvalidUsernameValidPassword" time="0.0">
    <ignored/>
  </testcase> <!-- verifyTheUserAbleToLoginInvalidUsernameValidPassword -->
  <testcase classname="testscript.LoginTest" name="verifyTheUserAbleToLoginValidUsernameInvalidPassword" time="0.0">
    <ignored/>
  </testcase> <!-- verifyTheUserAbleToLoginValidUsernameInvalidPassword -->
</testsuite> <!-- TestNG.xml -->
